2022-06-17 19:42:10,398 [Worker-5: Loading available Gradle versions] INFO  o.e.b.c.i.u.g.PublishedGradleVersions - Gradle version information cache is out-of-date. Trying to update.
2022-06-17 19:43:11,362 [Worker-1: Building] INFO  o.e.m.c.i.l.LifecycleMappingFactory - Using org.eclipse.m2e.jdt.JarLifecycleMapping lifecycle mapping for MavenProject: CucumberJava:CucumberJava:0.0.1-SNAPSHOT @ E:\Cucumber Automation\AmazonSearchUpdated\pom.xml.
2022-06-17 19:43:13,062 [Worker-1: Building] WARN  o.a.m.r.i.DefaultArtifactDescriptorReader - The artifact info.cukes:cucumber-picocontainer:pom:1.2.6 has been relocated to io.cucumber:cucumber-picocontainer:pom:1.2.6
2022-06-17 19:43:16,475 [Worker-1: Building] WARN  o.e.m.c.i.embedder.EclipseLogger - Using platform encoding (UTF-8 actually) to copy filtered resources, i.e. build is platform dependent!
2022-06-17 19:43:16,481 [Worker-1: Building] INFO  o.e.m.c.i.embedder.EclipseLogger - Copying 0 resource
2022-06-17 19:43:16,485 [Worker-1: Building] WARN  o.e.m.c.i.embedder.EclipseLogger - Using platform encoding (UTF-8 actually) to copy filtered resources, i.e. build is platform dependent!
2022-06-17 19:43:16,486 [Worker-1: Building] INFO  o.e.m.c.i.embedder.EclipseLogger - Copying 3 resources
2022-06-17 19:43:16,827 [Worker-1: Building] INFO  o.e.m.c.i.l.LifecycleMappingFactory - Using org.eclipse.m2e.jdt.JarLifecycleMapping lifecycle mapping for MavenProject: CucumberJava:CucumberJava:0.0.1-SNAPSHOT @ E:\Cucumber Automation\AmazonSearchWithCucumber\pom.xml.
2022-06-17 19:43:17,161 [Worker-1: Building] WARN  o.a.m.r.i.DefaultArtifactDescriptorReader - The artifact info.cukes:cucumber-picocontainer:pom:1.2.6 has been relocated to io.cucumber:cucumber-picocontainer:pom:1.2.6
2022-06-17 19:43:17,337 [Worker-1: Building] WARN  o.e.m.c.i.embedder.EclipseLogger - Using platform encoding (UTF-8 actually) to copy filtered resources, i.e. build is platform dependent!
2022-06-17 19:43:17,337 [Worker-1: Building] INFO  o.e.m.c.i.embedder.EclipseLogger - Copying 0 resource
2022-06-17 19:43:17,339 [Worker-1: Building] WARN  o.e.m.c.i.embedder.EclipseLogger - Using platform encoding (UTF-8 actually) to copy filtered resources, i.e. build is platform dependent!
2022-06-17 19:43:17,340 [Worker-1: Building] INFO  o.e.m.c.i.embedder.EclipseLogger - Copying 3 resources
2022-06-17 19:43:17,829 [Worker-17: Updating Maven Dependencies] INFO  o.e.m.c.i.l.LifecycleMappingFactory - Using org.eclipse.m2e.jdt.JarLifecycleMapping lifecycle mapping for MavenProject: CucumberJava:CucumberJava:0.0.1-SNAPSHOT @ E:\Cucumber Automation\CucumberJava\pom.xml.
2022-06-17 19:43:19,161 [Worker-6: Building] WARN  o.a.m.r.i.DefaultArtifactDescriptorReader - The artifact info.cukes:cucumber-picocontainer:pom:1.2.6 has been relocated to io.cucumber:cucumber-picocontainer:pom:1.2.6
2022-06-17 19:43:19,205 [Worker-6: Building] WARN  o.e.m.c.i.embedder.EclipseLogger - Using platform encoding (UTF-8 actually) to copy filtered resources, i.e. build is platform dependent!
2022-06-17 19:43:19,208 [Worker-6: Building] INFO  o.e.m.c.i.embedder.EclipseLogger - Copying 0 resource
2022-06-17 19:43:19,210 [Worker-6: Building] WARN  o.e.m.c.i.embedder.EclipseLogger - Using platform encoding (UTF-8 actually) to copy filtered resources, i.e. build is platform dependent!
2022-06-17 19:43:19,214 [Worker-6: Building] INFO  o.e.m.c.i.embedder.EclipseLogger - Copying 3 resources
2022-06-17 19:43:20,488 [Worker-6: Building] WARN  o.a.m.r.i.DefaultArtifactDescriptorReader - The artifact info.cukes:cucumber-picocontainer:pom:1.2.6 has been relocated to io.cucumber:cucumber-picocontainer:pom:1.2.6
2022-06-17 19:43:20,538 [Worker-6: Building] WARN  o.e.m.c.i.embedder.EclipseLogger - Using platform encoding (UTF-8 actually) to copy filtered resources, i.e. build is platform dependent!
2022-06-17 19:43:20,538 [Worker-6: Building] INFO  o.e.m.c.i.embedder.EclipseLogger - Copying 0 resource
2022-06-17 19:43:20,539 [Worker-6: Building] WARN  o.e.m.c.i.embedder.EclipseLogger - Using platform encoding (UTF-8 actually) to copy filtered resources, i.e. build is platform dependent!
2022-06-17 19:43:20,542 [Worker-6: Building] INFO  o.e.m.c.i.embedder.EclipseLogger - Copying 3 resources
2022-06-17 19:43:20,703 [Worker-6: Building] INFO  o.e.m.c.i.l.LifecycleMappingFactory - Using org.eclipse.m2e.jdt.JarLifecycleMapping lifecycle mapping for MavenProject: CucumberJava:CucumberJava:0.0.1-SNAPSHOT @ E:\Cucumber Automation\CucumberBDDCMD\pom.xml.
2022-06-17 19:43:21,041 [Worker-6: Building] WARN  o.e.m.c.i.embedder.EclipseLogger - Using platform encoding (UTF-8 actually) to copy filtered resources, i.e. build is platform dependent!
2022-06-17 19:43:21,043 [Worker-6: Building] INFO  o.e.m.c.i.embedder.EclipseLogger - Copying 0 resource
2022-06-17 19:43:21,044 [Worker-6: Building] WARN  o.e.m.c.i.embedder.EclipseLogger - Using platform encoding (UTF-8 actually) to copy filtered resources, i.e. build is platform dependent!
2022-06-17 19:43:21,045 [Worker-6: Building] INFO  o.e.m.c.i.embedder.EclipseLogger - Copying 1 resource
2022-06-17 19:43:21,388 [Worker-6: Building] WARN  o.e.m.c.i.embedder.EclipseLogger - Using platform encoding (UTF-8 actually) to copy filtered resources, i.e. build is platform dependent!
2022-06-17 19:43:21,389 [Worker-6: Building] INFO  o.e.m.c.i.embedder.EclipseLogger - Copying 0 resource
2022-06-17 19:43:21,390 [Worker-6: Building] WARN  o.e.m.c.i.embedder.EclipseLogger - Using platform encoding (UTF-8 actually) to copy filtered resources, i.e. build is platform dependent!
2022-06-17 19:43:21,391 [Worker-6: Building] INFO  o.e.m.c.i.embedder.EclipseLogger - Copying 6 resources
2022-06-17 19:43:23,219 [Worker-16: Building] WARN  o.e.m.c.i.embedder.EclipseLogger - Using platform encoding (UTF-8 actually) to copy filtered resources, i.e. build is platform dependent!
2022-06-17 19:43:23,220 [Worker-16: Building] INFO  o.e.m.c.i.embedder.EclipseLogger - Copying 0 resource
2022-06-17 19:43:23,222 [Worker-16: Building] WARN  o.e.m.c.i.embedder.EclipseLogger - Using platform encoding (UTF-8 actually) to copy filtered resources, i.e. build is platform dependent!
2022-06-17 19:43:23,223 [Worker-16: Building] INFO  o.e.m.c.i.embedder.EclipseLogger - Copying 1 resource
